[2016-01-26 19:14:14] START
[2016-01-26 19:19:21] CREATE Welcome.py: 0
[2016-01-26 19:20:31] CREATE welcome/index.html: 0
[2016-01-26 19:24:16] EDIT P2P/controllers/Welcome.py: 0
[2016-01-26 19:27:32] EDIT P2P/controllers/Welcome.py: 0
[2016-01-26 19:28:30] EDIT P2P/controllers/Welcome.py: 0
[2016-01-26 19:29:11] EDIT P2P/views/welcome/index.html: 0
[2016-01-26 19:35:31] EDIT P2P/controllers/Welcome.py: 2
[2016-01-26 19:36:31] EDIT P2P/views/welcome/index.html: 8
[2016-01-26 19:37:07] EDIT P2P/views/welcome/index.html: 0
[2016-01-26 19:37:08] EDIT P2P/views/welcome/index.html: 0
[2016-01-26 19:37:45] EDIT P2P/views/welcome/index.html: 0
[2016-01-26 19:57:19] EDIT P2P/views/welcome/index.html: -2
[2016-01-26 20:03:41] CREATE login.py: 0
[2016-01-26 20:03:54] CREATE login/index.html: 0
[2016-01-26 20:05:21] EDIT P2P/views/welcome/index.html: 0
[2016-01-26 20:05:46] EDIT P2P/views/welcome/index.html: 0
[2016-01-26 20:06:52] EDIT P2P/views/welcome/index.html: -2
[2016-01-26 20:07:06] EDIT P2P/views/welcome/index.html: -1
[2016-01-26 20:09:04] EDIT P2P/views/welcome/index.html: 2
[2016-01-26 20:09:50] EDIT P2P/views/welcome/index.html: 0
[2016-01-26 20:10:13] EDIT P2P/views/welcome/index.html: 0
[2016-01-26 20:12:21] EDIT P2P/views/welcome/index.html: 21
[2016-01-26 20:14:11] EDIT P2P/controllers/login.py: 0
[2016-01-26 20:16:16] EDIT P2P/views/login/index.html: 6
[2016-01-26 20:17:10] EDIT P2P/views/login/index.html: 2
[2016-01-26 20:19:23] EDIT P2P/views/welcome/index.html: -20
[2016-01-26 20:19:32] CREATE poem.py: 0
[2016-01-26 20:19:44] CREATE poem/index.html: 0
[2016-01-26 20:20:00] EDIT P2P/views/poem/index.html: 7
[2016-01-26 20:24:17] EDIT P2P/controllers/login.py: 2
[2016-01-26 20:26:46] EDIT P2P/views/login/index.html: -2
[2016-01-26 20:26:49] EDIT P2P/views/login/index.html: -1
[2016-01-26 20:26:49] EDIT P2P/views/login/index.html: 0
[2016-01-26 20:32:56] EDIT P2P/views/login/index.html: 0
[2016-01-26 20:33:08] EDIT P2P/views/login/index.html: 0
[2016-01-26 20:33:22] EDIT P2P/views/login/index.html: 1
[2016-01-26 20:38:48] EDIT P2P/views/login/index.html: -1
[2016-01-26 20:43:11] EDIT P2P/views/welcome/index.html: 2
[2016-01-26 20:43:57] EDIT P2P/views/welcome/index.html: -2
[2016-01-26 20:44:17] EDIT P2P/views/welcome/index.html: -2
[2016-01-26 20:47:15] EDIT P2P/views/welcome/index.html: 6
[2016-01-26 20:47:40] EDIT P2P/views/welcome/index.html: 0
[2016-01-26 20:47:55] EDIT P2P/views/welcome/index.html: -6
[2016-01-26 20:48:04] EDIT P2P/views/welcome/index.html: 0
[2016-01-26 20:52:47] EDIT P2P/views/welcome/index.html: 2
[2016-01-26 21:04:27] EDIT P2P/views/welcome/index.html: 10
[2016-01-26 21:05:01] EDIT P2P/views/welcome/index.html: 0
[2016-01-26 21:05:21] EDIT P2P/views/welcome/index.html: 0
[2016-01-26 21:05:43] EDIT P2P/views/welcome/index.html: 0
[2016-01-26 21:05:45] EDIT P2P/views/welcome/index.html: 0
[2016-01-26 21:06:24] EDIT P2P/views/login/index.html: 0
[2016-01-26 21:08:52] EDIT P2P/views/welcome/index.html: 0
[2016-01-26 21:10:02] EDIT P2P/views/welcome/index.html: 0
[2016-01-26 21:10:46] EDIT P2P/views/welcome/index.html: 0
[2016-01-26 21:11:00] EDIT P2P/views/welcome/index.html: 0
[2016-01-26 21:11:09] EDIT P2P/views/welcome/index.html: 0
[2016-01-26 21:14:26] EDIT P2P/views/welcome/index.html: -2
[2016-01-26 21:15:50] EDIT P2P/views/welcome/index.html: 0
[2016-01-26 21:16:49] EDIT P2P/views/welcome/index.html: 0
[2016-01-26 21:17:07] EDIT P2P/views/welcome/index.html: 0
[2016-01-26 21:17:36] EDIT P2P/views/welcome/index.html: 0
[2016-01-26 21:18:06] EDIT P2P/views/welcome/index.html: 0
[2016-01-26 21:18:25] EDIT P2P/views/welcome/index.html: 0
[2016-01-26 21:23:07] EDIT P2P/views/welcome/index.html: 3
[2016-01-26 21:23:24] EDIT P2P/views/welcome/index.html: 0
[2016-01-26 21:25:52] EDIT P2P/views/layout.html: 1
[2016-01-26 21:26:08] EDIT P2P/views/layout.html: 0
[2016-01-26 21:26:22] EDIT P2P/views/layout.html: -1
[2016-01-26 21:28:09] CREATE createacc.py: 0
[2016-01-26 21:28:31] CREATE createacc/index.html: 0
[2016-01-26 21:32:09] EDIT P2P/views/login/index.html: 1
[2016-01-26 21:33:32] EDIT P2P/controllers/createacc.py: 0
[2016-01-26 21:33:56] EDIT P2P/controllers/createacc.py: 2
[2016-01-26 21:34:17] EDIT P2P/views/createacc/index.html: -2
[2016-01-26 21:35:34] EDIT P2P/views/createacc/index.html: 6
[2016-01-26 21:36:00] EDIT P2P/views/createacc/index.html: 0
[2016-01-26 21:36:01] EDIT P2P/views/createacc/index.html: 0
[2016-01-26 21:36:44] EDIT P2P/views/createacc/index.html: 0
[2016-01-26 21:36:54] EDIT P2P/views/createacc/index.html: 0
[2016-01-26 21:37:18] EDIT P2P/views/createacc/index.html: 0
[2016-01-26 21:37:18] EDIT P2P/views/createacc/index.html: 0
[2016-01-26 21:38:06] EDIT P2P/views/createacc/index.html: 3
[2016-01-26 21:40:26] EDIT P2P/views/createacc/index.html: 0
[2016-01-26 21:45:20] EDIT P2P/views/default/index.html: 1
